<?xml version="1.0" encoding="UTF-8"?>
<!-- Generated by org.testng.reporters.JUnitReportReporter -->
<testsuite hostname="DESKTOP-8UC6K0V" failures="0" tests="4" name="com.lumu.automationTesting.CheckNumberOfCharacters" time="48.073" errors="0" timestamp="1 May 2022 22:41:36 GMT">
  <testcase classname="com.lumu.automationTesting.CheckNumberOfCharacters" name="checkNumberOfCharacters" time="9.983"/>
  <testcase classname="com.lumu.automationTesting.CheckNumberOfCharacters" name="checkNumberOfCharacters" time="10.324"/>
  <testcase classname="com.lumu.automationTesting.CheckNumberOfCharacters" name="checkNumberOfCharacters" time="17.592"/>
  <testcase classname="com.lumu.automationTesting.CheckNumberOfCharacters" name="checkNumberOfCharacters" time="10.174"/>
</testsuite> <!-- com.lumu.automationTesting.CheckNumberOfCharacters -->
